Arguments: 
  C:\Program Files\nodejs\node.exe C:\Users\Yogesh Urade\AppData\Roaming\npm\node_modules\yarn\bin\yarn.js add body-parser --save

PATH: 
  C:\Python310\Scripts\;C:\Python310\;C:\Python39\Scripts\;C:\Python39\;C:\Program Files\Common Files\Oracle\Java\javapath;C:\Windows\system32;C:\Windows;C:\Windows\System32\Wbem;C:\Windows\System32\WindowsPowerShell\v1.0\;C:\Windows\System32\OpenSSH\;C:\ProgramData\chocolatey\bin;C:\Program Files\nodejs\;C:\Users\Yogesh Urade\AppData\Local\Microsoft\WindowsApps;C:\Program Files\Java\jdk-15.0.2\bin;C:\Program Files\MongoDB\Server\4.4\bin;C:\Users\Yogesh Urade\AppData\Local\Programs\Microsoft VS Code\bin;C:\Program Files\Git\cmd;C:\Users\Yogesh Urade\AppData\Roaming\npm

Yarn version: 
  1.22.11

Node version: 
  18.12.1

Platform: 
  win32 x64

Trace: 
  Error: getaddrinfo ENOTFOUND registry.yarnpkg.com
      at GetAddrInfoReqWrap.onlookup [as oncomplete] (node:dns:107:26)

npm manifest: 
  {
    "name": "app",
    "version": "1.0.0",
    "description": "",
    "main": "server.js",
    "scripts": {
      "test": "echo \"Error: no test specified\" && exit 1"
    },
    "author": "",
    "license": "ISC",
    "dependencies": {
      "bcryptjs": "^2.4.3",
      "cors": "^2.8.5",
      "express": "^4.18.2",
      "jsonwebtoken": "^8.5.1",
      "mysql2": "^2.3.3",
      "sequelize": "^6.25.8"
    }
  }

yarn manifest: 
  No manifest

Lockfile: 
  No lockfile
